<?xml version="1.0" encoding="UTF-8"?>
<!-- Generated by org.testng.reporters.JUnitReportReporter -->
<testsuite hostname="AJEESH_RENJINI" failures="0" tests="1" name="testscripts.HomeTest" time="7.377" errors="0" timestamp="2025-08-22T19:46:43 IST" skipped="0">
  <testcase classname="testscripts.HomeTest" name="clickhomepagelogout" time="7.377"/>
</testsuite> <!-- testscripts.HomeTest -->
