<?xml version="1.0" encoding="UTF-8"?>
<!-- Generated by org.testng.reporters.JUnitReportReporter -->
<testsuite hostname="AJEESH_RENJINI" failures="0" tests="1" name="testscripts.CategoryTest" time="13.523" errors="0" timestamp="2025-07-19T19:34:37 IST" skipped="0">
  <testcase classname="testscripts.CategoryTest" name="editcategorylist" time="13.523"/>
</testsuite> <!-- testscripts.CategoryTest -->
