<?xml version="1.0" encoding="UTF-8"?>
<!-- Generated by org.testng.reporters.JUnitReportReporter -->
<testsuite hostname="AJEESH_RENJINI" failures="0" tests="4" name="testscripts.LoginTest" time="24.360" errors="0" timestamp="2025-08-22T19:46:43 IST" skipped="0">
  <testcase classname="testscripts.LoginTest" name="verifyuserLoginwithValidUsernamewithInvalidpassword" time="5.204"/>
  <testcase classname="testscripts.LoginTest" name="verifyIncorrectUsernameloginwithIncorrectPassword" time="7.038"/>
  <testcase classname="testscripts.LoginTest" name="verifyUserloginwithValidCredentials" time="6.630"/>
  <testcase classname="testscripts.LoginTest" name="verifyUserLoginWithIncorrectUsernameWithCorrectPassword" time="5.488"/>
</testsuite> <!-- testscripts.LoginTest -->
