<?xml version="1.0" encoding="UTF-8"?>
<!-- Generated by org.testng.reporters.JUnitReportReporter -->
<testsuite hostname="AJEESH_RENJINI" failures="0" tests="1" name="testscripts.ManageContactTest" time="9.427" errors="0" timestamp="2025-07-22T19:15:26 IST" skipped="0">
  <testcase classname="testscripts.ManageContactTest" name="editContactusWithValidDetails" time="9.427"/>
</testsuite> <!-- testscripts.ManageContactTest -->
