<?xml version="1.0" encoding="UTF-8"?>
<!-- Generated by org.testng.reporters.JUnitReportReporter -->
<testsuite hostname="AJEESH_RENJINI" failures="0" tests="4" name="testscripts.ManageNewsTest" time="33.628" errors="0" timestamp="2025-08-22T19:46:43 IST" skipped="0">
  <testcase classname="testscripts.ManageNewsTest" name="addNewNewswithDetails" time="8.475"/>
  <testcase classname="testscripts.ManageNewsTest" name="newssearch" time="7.983"/>
  <testcase classname="testscripts.ManageNewsTest" name="deletenews" time="8.237"/>
  <testcase classname="testscripts.ManageNewsTest" name="editnews" time="8.933"/>
</testsuite> <!-- testscripts.ManageNewsTest -->
