<?xml version="1.0" encoding="UTF-8"?>
<!-- Generated by org.testng.reporters.JUnitReportReporter -->
<testsuite hostname="AJEESH_RENJINI" failures="0" tests="4" name="testscripts.CategoryTest" time="36.663" errors="0" timestamp="2025-08-22T19:46:43 IST" skipped="0">
  <testcase classname="testscripts.CategoryTest" name="editcategorylist" time="9.972"/>
  <testcase classname="testscripts.CategoryTest" name="searchcategoryaddeddproducts" time="8.235"/>
  <testcase classname="testscripts.CategoryTest" name="addnewcategorywithValidDetails" time="10.461"/>
  <testcase classname="testscripts.CategoryTest" name="deletecategory" time="7.995"/>
</testsuite> <!-- testscripts.CategoryTest -->
