<?xml version="1.0" encoding="UTF-8"?>
<!-- Generated by org.testng.reporters.JUnitReportReporter -->
<testsuite hostname="AJEESH_RENJINI" failures="0" tests="1" name="testscripts.AdminUsersTest" time="9.394" errors="0" timestamp="2025-08-22T19:46:43 IST" skipped="0">
  <testcase classname="testscripts.AdminUsersTest" name="addnewAdminusersInformationwithValidDetails" time="9.394"/>
</testsuite> <!-- testscripts.AdminUsersTest -->
