<?xml version="1.0" encoding="UTF-8"?>
<!-- Generated by org.testng.reporters.JUnitReportReporter -->
<testsuite hostname="AJEESH_RENJINI" failures="0" tests="1" name="testscripts.ManageContactTest" time="9.626" errors="0" timestamp="2025-07-28T16:42:27 IST" skipped="0">
  <testcase classname="testscripts.ManageContactTest" name="editContactusWithValidDetails" time="9.626"/>
</testsuite> <!-- testscripts.ManageContactTest -->
